
		Mon May 09 2022
09:13:23 OpenLink Virtuoso Universal Server
09:13:23 Version 07.20.3215-pthreads for Linux as of Nov 15 2017
09:13:23 uses parts of OpenSSL, PCRE, Html Tidy
09:13:26 SQL Optimizer enabled (max 1000 layouts)
09:13:26 Compiler unit is timed at 0.000193 msec
09:13:27 Checkpoint started
09:13:27 Roll forward started
09:13:27 Roll forward complete
09:13:28 Checkpoint started
09:13:28 Checkpoint finished, log reused
09:13:28 Checkpoint started
09:13:28 Checkpoint finished, log reused
09:13:28 Checkpoint started
09:13:28 Checkpoint finished, log reused
09:13:29 Checkpoint started
09:13:29 Checkpoint finished, log reused
09:13:29 Checkpoint started
09:13:29 Checkpoint finished, log reused
09:13:29 PL LOG: Installing Virtuoso Conductor version 1.00.8754 (DAV)
09:13:29 PL LOG: Installing with dependencies Virtuoso Conductor version 1.00.8754/2017-11-15 13:45 (DAV)
09:13:29 Checkpoint started
09:13:29 Checkpoint finished, log reused
09:13:30 Checkpoint started
09:13:30 Checkpoint finished, log reused
09:13:30 PL LOG: Installation with dependencies complete
09:13:30 Checkpoint started
09:13:30 Checkpoint finished, log reused
09:13:32 HTTP/WebDAV server online at 27015
09:13:32 Server online at 1111 (pid 98)
09:13:33 Server received signal 15
09:13:33 Initiating quick shutdown
09:13:33 Server shutdown complete

		Mon May 09 2022
09:13:33 OpenLink Virtuoso Universal Server
09:13:33 Version 07.20.3215-pthreads for Linux as of Nov 15 2017
09:13:33 uses parts of OpenSSL, PCRE, Html Tidy
09:13:35 Database version 3126
09:13:35 SQL Optimizer enabled (max 1000 layouts)
09:13:36 Compiler unit is timed at 0.000067 msec
09:13:37 Roll forward started
09:13:37 Roll forward complete
09:13:37 Checkpoint started
09:13:37 Checkpoint finished, log reused
09:13:37 HTTP/WebDAV server online at 8890
09:13:37 Server online at 1111 (pid 1)
09:13:58 Malformed data received from IP [172.21.0.1] : Bad incoming tag 71. Disconnecting the client
09:13:58 Malformed data received from IP [172.21.0.1] : Bad incoming tag 71. Disconnecting the client
09:13:58 Malformed data received from IP [172.21.0.1] : Bad incoming tag 71. Disconnecting the client
09:13:59 Malformed data received from IP [172.21.0.1] : Bad incoming tag 71. Disconnecting the client
09:13:59 Malformed data received from IP [172.21.0.1] : Bad incoming tag 71. Disconnecting the client
09:13:59 Malformed data received from IP [172.21.0.1] : Bad incoming tag 71. Disconnecting the client
09:14:04 Malformed data received from IP [172.21.0.1] : Bad incoming tag 71. Disconnecting the client
09:14:04 Malformed data received from IP [172.21.0.1] : Bad incoming tag 71. Disconnecting the client
09:14:04 Malformed data received from IP [172.21.0.1] : Bad incoming tag 71. Disconnecting the client
09:15:52 Server received signal 15
09:15:52 Initiating quick shutdown
09:15:52 Server shutdown complete

		Mon May 09 2022
09:15:57 OpenLink Virtuoso Universal Server
09:15:57 Version 07.20.3215-pthreads for Linux as of Nov 15 2017
09:15:57 uses parts of OpenSSL, PCRE, Html Tidy
09:16:00 Database version 3126
09:16:00 SQL Optimizer enabled (max 1000 layouts)
09:16:01 Compiler unit is timed at 0.000068 msec
09:16:02 Roll forward started
09:16:02 Roll forward complete
09:16:02 Checkpoint started
09:16:02 Checkpoint finished, log reused
09:16:04 HTTP/WebDAV server online at 8890
09:16:04 Server online at 1111 (pid 1)
10:16:06 Checkpoint started
10:16:06 Checkpoint finished, log reused
11:16:06 Checkpoint started
11:16:07 Checkpoint finished, log reused
12:16:07 Checkpoint started
12:16:07 Checkpoint finished, log reused
13:16:07 Checkpoint started
13:16:07 Checkpoint finished, log reused
14:16:07 Checkpoint started
14:16:07 Checkpoint finished, log reused
15:16:07 Checkpoint started
15:16:07 Checkpoint finished, log reused
17:40:39 Checkpoint started
17:40:39 Checkpoint finished, log reused
18:00:44 * Monitor: Locks are held for a long time
18:40:41 Checkpoint started
18:40:41 Checkpoint finished, log reused
19:40:42 Checkpoint started
19:40:42 Checkpoint finished, log reused

		Tue May 10 2022
07:11:25 Checkpoint started
07:11:25 Checkpoint finished, log reused
07:21:02 Server received signal 15
07:21:02 Initiating quick shutdown
07:21:02 Server shutdown complete

		Tue May 10 2022
07:23:37 OpenLink Virtuoso Universal Server
07:23:37 Version 07.20.3215-pthreads for Linux as of Nov 15 2017
07:23:37 uses parts of OpenSSL, PCRE, Html Tidy
07:23:39 Database version 3126
07:23:39 SQL Optimizer enabled (max 1000 layouts)
07:23:41 Compiler unit is timed at 0.000067 msec
07:23:41 Roll forward started
07:23:41 Roll forward complete
07:23:41 Checkpoint started
07:23:41 Checkpoint finished, log reused
07:23:43 HTTP/WebDAV server online at 8890
07:23:43 Server online at 1111 (pid 1)
08:23:43 Checkpoint started
08:23:43 Checkpoint finished, log reused
09:23:44 Checkpoint started
09:23:44 Checkpoint finished, log reused
10:23:45 Checkpoint started
10:23:45 Checkpoint finished, log reused
11:23:45 Checkpoint started
11:23:45 Checkpoint finished, log reused
12:23:46 Checkpoint started
12:23:46 Checkpoint finished, log reused
13:23:48 Checkpoint started
13:23:48 Checkpoint finished, log reused
14:23:50 Checkpoint started
14:23:50 Checkpoint finished, log reused
14:40:12 Server received signal 15
14:40:12 Initiating quick shutdown
14:40:12 Server shutdown complete

		Tue May 10 2022
14:41:24 OpenLink Virtuoso Universal Server
14:41:24 Version 07.20.3215-pthreads for Linux as of Nov 15 2017
14:41:24 uses parts of OpenSSL, PCRE, Html Tidy
14:41:27 Database version 3126
14:41:27 SQL Optimizer enabled (max 1000 layouts)
14:41:28 Compiler unit is timed at 0.000067 msec
14:41:29 Roll forward started
14:41:29 Roll forward complete
14:41:29 Checkpoint started
14:41:29 Checkpoint finished, log reused
14:41:31 HTTP/WebDAV server online at 8890
14:41:31 Server online at 1111 (pid 1)
